14:48:29 [INFO] Detecting total pages...
14:49:11 [WARNING] Page 1: attempt 1/6 failed [ClientConnectorError: Cannot connect to host krisha.kz:443 ssl:False [The semaphore timeout period has expired]], retrying in 9.5s...
14:50:03 [WARNING] Page 1: attempt 2/6 failed [ClientConnectorError: Cannot connect to host krisha.kz:443 ssl:False [The semaphore timeout period has expired]], retrying in 21.7s...
14:50:03 [WARNING] Too many failures (2) — pausing all workers for 90s (throttle #1)...
14:51:33 [INFO] Resuming after throttle pause.
14:51:55 [INFO] Total pages: 1000
14:51:55 [INFO] Page 1: 23 listings parsed
14:51:55 [INFO] Pages to fetch: 999 (skipping 1 already done)
14:51:57 [INFO] Page 3/1000: 20 listings
14:51:58 [INFO] Page 2/1000: 20 listings
14:51:59 [INFO] Page 4/1000: 20 listings
14:52:00 [INFO] Page 5/1000: 20 listings
14:52:01 [INFO] Page 6/1000: 20 listings
14:52:02 [INFO] Page 7/1000: 20 listings
14:52:04 [INFO] Page 8/1000: 20 listings
14:52:05 [INFO] Page 9/1000: 20 listings
14:52:06 [INFO] Page 10/1000: 20 listings
14:52:06 [INFO] Page 11/1000: 20 listings
14:52:08 [INFO] Page 12/1000: 20 listings
14:52:08 [INFO] Page 13/1000: 20 listings
14:52:10 [INFO] Page 14/1000: 20 listings
14:52:11 [INFO] Page 15/1000: 20 listings
14:52:12 [INFO] Page 16/1000: 20 listings
14:52:13 [INFO] Page 17/1000: 20 listings
14:52:14 [INFO] Page 18/1000: 20 listings
14:52:15 [INFO] Page 19/1000: 20 listings
14:52:16 [INFO] Page 20/1000: 20 listings
14:52:17 [INFO] Page 21/1000: 20 listings
14:52:18 [INFO] Page 22/1000: 20 listings
14:52:19 [INFO] Page 23/1000: 20 listings
14:52:21 [INFO] Page 24/1000: 20 listings
14:52:21 [INFO] Page 25/1000: 20 listings
14:52:23 [INFO] Page 26/1000: 20 listings
14:52:23 [INFO] Page 27/1000: 20 listings
14:52:25 [INFO] Page 28/1000: 20 listings
14:52:25 [INFO] Page 29/1000: 20 listings
14:52:28 [INFO] Page 30/1000: 20 listings
14:52:28 [INFO] Page 31/1000: 20 listings
14:52:29 [INFO] Page 32/1000: 20 listings
14:52:30 [INFO] Page 33/1000: 20 listings
14:52:32 [INFO] Page 34/1000: 20 listings
14:52:32 [INFO] Page 35/1000: 20 listings
14:52:33 [INFO] Page 36/1000: 20 listings
14:52:34 [INFO] Page 37/1000: 20 listings
14:52:36 [INFO] Page 38/1000: 20 listings
14:52:36 [INFO] Page 39/1000: 20 listings
14:53:21 [WARNING] Page 41: attempt 1/6 failed [TimeoutError: connection reset], retrying in 12.2s...
14:53:21 [WARNING] Page 40: attempt 1/6 failed [TimeoutError: connection reset], retrying in 10.5s...
14:53:21 [WARNING] Too many failures (2) — pausing all workers for 180s (throttle #2)...
14:53:33 [INFO] Page 41: global throttle active, waiting...
14:54:21 [WARNING] Page 41: attempt 2/6 failed [ClientConnectorError: Cannot connect to host krisha.kz:443 ssl:False [The semaphore timeout period has expired]], retrying in 18.1s...
14:54:39 [INFO] Page 41: global throttle active, waiting...
14:55:26 [WARNING] Page 41: attempt 3/6 failed [ClientConnectorError: Cannot connect to host krisha.kz:443 ssl:False [The semaphore timeout period has expired]], retrying in 36.7s...
14:56:03 [INFO] Page 41: global throttle active, waiting...
14:56:21 [INFO] Resuming after throttle pause.
14:56:51 [WARNING] Page 41: attempt 4/6 failed [ClientConnectorError: Cannot connect to host krisha.kz:443 ssl:False [The semaphore timeout period has expired]], retrying in 47.7s...
14:57:03 [WARNING] Page 40: attempt 2/6 failed [ClientConnectorError: Cannot connect to host krisha.kz:443 ssl:False [The semaphore timeout period has expired]], retrying in 14.2s...
14:57:03 [WARNING] Too many failures (2) — pausing all workers for 300s (throttle #3)...
14:57:38 [INFO] Page 41: global throttle active, waiting...
14:58:25 [WARNING] Page 41: attempt 5/6 failed [ClientConnectorError: Cannot connect to host krisha.kz:443 ssl:False [The semaphore timeout period has expired]], retrying in 105.3s...
15:00:10 [INFO] Page 41: global throttle active, waiting...
15:00:57 [WARNING] Page 41: attempt 6/6 failed [ClientConnectorError: Cannot connect to host krisha.kz:443 ssl:False [The semaphore timeout period has expired]], retrying in 118.6s...
15:02:03 [INFO] Resuming after throttle pause.
15:02:45 [WARNING] Page 40: attempt 3/6 failed [ClientConnectorError: Cannot connect to host krisha.kz:443 ssl:False [The semaphore timeout period has expired]], retrying in 29.7s...
15:02:56 [ERROR] Page 41: permanently failed — RuntimeError: Page 41: all 6 attempts failed. Last error: ClientConnectorError: Cannot connect to host krisha.kz:443 ssl:False [The semaphore timeout period has expired]
15:03:38 [WARNING] Page 42: attempt 1/6 failed [ClientConnectorError: Cannot connect to host krisha.kz:443 ssl:False [The semaphore timeout period has expired]], retrying in 10.6s...
15:03:38 [WARNING] Too many failures (2) — pausing all workers for 600s (throttle #4)...
15:03:57 [WARNING] Page 40: attempt 4/6 failed [ClientConnectorError: Cannot connect to host krisha.kz:443 ssl:False [The semaphore timeout period has expired]], retrying in 43.5s...
